2019-12-13-08-29-24  INFO       Component 'EXT-LIBRARIES' was updated.
2019-12-13-08-29-24  INFO       Control 'PATCH-SERVER' was updated.
2019-12-13-08-29-24  INFO       Control 'CWE-937' was updated.
2019-12-13-08-29-24  INFO       Weakness 'CWE-937' was updated.
2019-12-13-08-29-24  INFO       Use Case 'GENERAL' was updated.
2019-12-13-08-29-24  INFO       Threat 'CWE-937' was updated.
2019-12-13-08-29-24  INFO       Component '3rd-partly-web-libraries' was updated.
2019-12-13-08-29-24  INFO       Control 'ASSETS-HOSTED-BY-APP' was updated.
2019-12-13-08-29-24  INFO       Weakness 'CWE-830' was updated.
2019-12-13-08-29-24  INFO       Use Case 'general' was updated.
2019-12-13-08-29-24  INFO       Threat 'CWE-937-WEB' was updated.
2019-12-13-08-29-24  INFO       Component 'ACTIVE-DIRECTORY' was updated.
2019-12-13-08-29-24  INFO       Component 'CLIENT:FLASH' was updated.
2019-12-13-08-29-24  INFO       Component 'SERVER:APACHE' was updated.
2019-12-13-08-29-24  INFO       Component 'BINARY' was updated.
2019-12-13-08-29-24  INFO       Control 'CWE-120-MANAGED' was updated.
2019-12-13-08-29-24  INFO       Control 'CWE-120-RANDOM' was updated.
2019-12-13-08-29-24  INFO       Control 'CWE-120-STACK' was updated.
2019-12-13-08-29-24  INFO       Weakness 'CWE-120' was updated.
2019-12-13-08-29-24  INFO       Use Case 'GENERAL' was updated.
2019-12-13-08-29-24  INFO       Threat 'CAPEC-100' was updated.
2019-12-13-08-29-24  INFO       Component 'CLIENT:THICK' was updated.
2019-12-13-08-29-24  INFO       Component 'CLOUD-STORAGE' was updated.
2019-12-13-08-29-24  INFO       Component 'CWE-7-KINGDOMS' was updated.
2019-12-13-08-29-24  INFO       Control 'ERR-HAND' was updated.
2019-12-13-08-29-24  INFO       Control 'ENV-USE' was updated.
2019-12-13-08-29-24  INFO       Control 'TIME-STATE' was updated.
2019-12-13-08-29-24  INFO       Control 'API-USE' was updated.
2019-12-13-08-29-24  INFO       Control 'INPUT-VAL' was updated.
2019-12-13-08-29-24  INFO       Control 'SEC-FEATURES' was updated.
2019-12-13-08-29-24  INFO       Control 'INS-ENC' was updated.
2019-12-13-08-29-24  INFO       Control 'SEC-CODING' was updated.
2019-12-13-08-29-24  INFO       Weakness 'CWE-753' was updated.
2019-12-13-08-29-24  INFO       Weakness 'CWE-752' was updated.
2019-12-13-08-29-24  INFO       Weakness 'CWE-803' was updated.
2019-12-13-08-29-24  INFO       Weakness 'CWE-802' was updated.
2019-12-13-08-29-24  INFO       Weakness 'CWE-808' was updated.
2019-12-13-08-29-24  INFO       Weakness 'CWE-866' was updated.
2019-12-13-08-29-24  INFO       Weakness 'CWE-865' was updated.
2019-12-13-08-29-24  INFO       Weakness 'CWE-867' was updated.
2019-12-13-08-29-24  INFO       Weakness 'CWE-388' was updated.
2019-12-13-08-29-24  INFO       Weakness 'CWE-438' was updated.
2019-12-13-08-29-24  INFO       Weakness 'CWE-840' was updated.
2019-12-13-08-29-24  INFO       Weakness 'CWE-503' was updated.
2019-12-13-08-29-24  INFO       Weakness 'CWE-735' was updated.
2019-12-13-08-29-24  INFO       Weakness 'CWE-869' was updated.
2019-12-13-08-29-24  INFO       Weakness 'CWE-736' was updated.
2019-12-13-08-29-24  INFO       Weakness 'CWE-870' was updated.
2019-12-13-08-29-24  INFO       Weakness 'CWE-739' was updated.
2019-12-13-08-29-24  INFO       Weakness 'CWE-741' was updated.
2019-12-13-08-29-24  INFO       Weakness 'CWE-875' was updated.
2019-12-13-08-29-24  INFO       Weakness 'CWE-742' was updated.
2019-12-13-08-29-24  INFO       Weakness 'CWE-876' was updated.
2019-12-13-08-29-24  INFO       Weakness 'CWE-744' was updated.
2019-12-13-08-29-24  INFO       Weakness 'CWE-878' was updated.
2019-12-13-08-29-24  INFO       Weakness 'CWE-746' was updated.
2019-12-13-08-29-24  INFO       Weakness 'CWE-880' was updated.
2019-12-13-08-29-24  INFO       Weakness 'CWE-881' was updated.
2019-12-13-08-29-24  INFO       Weakness 'CWE-882' was updated.
2019-12-13-08-29-24  INFO       Weakness 'CWE-747' was updated.
2019-12-13-08-29-24  INFO       Weakness 'CWE-883' was updated.
2019-12-13-08-29-24  INFO       Weakness 'CWE-748' was updated.
2019-12-13-08-29-24  INFO       Weakness 'CWE-845' was updated.
2019-12-13-08-29-24  INFO       Weakness 'CWE-846' was updated.
2019-12-13-08-29-24  INFO       Weakness 'CWE-849' was updated.
2019-12-13-08-29-24  INFO       Weakness 'CWE-850' was updated.
2019-12-13-08-29-24  INFO       Weakness 'CWE-851' was updated.
2019-12-13-08-29-24  INFO       Weakness 'CWE-852' was updated.
2019-12-13-08-29-24  INFO       Weakness 'CWE-853' was updated.
2019-12-13-08-29-24  INFO       Weakness 'CWE-854' was updated.
2019-12-13-08-29-24  INFO       Weakness 'CWE-855' was updated.
2019-12-13-08-29-24  INFO       Weakness 'CWE-856' was updated.
2019-12-13-08-29-24  INFO       Weakness 'CWE-858' was updated.
2019-12-13-08-29-24  INFO       Weakness 'CWE-859' was updated.
2019-12-13-08-29-24  INFO       Weakness 'CWE-860' was updated.
2019-12-13-08-29-24  INFO       Weakness 'CWE-861' was updated.
2019-12-13-08-29-24  INFO       Weakness 'CWE-17' was updated.
2019-12-13-08-29-24  INFO       Weakness 'CWE-710' was updated.
2019-12-13-08-29-24  INFO       Weakness 'CWE-557' was updated.
2019-12-13-08-29-24  INFO       Weakness 'CWE-16' was updated.
2019-12-13-08-29-24  INFO       Weakness 'CWE-218' was updated.
2019-12-13-08-29-24  INFO       Weakness 'CWE-225' was updated.
2019-12-13-08-29-24  INFO       Weakness 'CWE-217' was updated.
2019-12-13-08-29-24  INFO       Weakness 'CWE-506' was updated.
2019-12-13-08-29-24  INFO       Weakness 'CWE-239' was updated.
2019-12-13-08-29-24  INFO       Weakness 'CWE-234' was updated.
2019-12-13-08-29-24  INFO       Weakness 'CWE-429' was updated.
2019-12-13-08-29-24  INFO       Weakness 'CWE-912' was updated.
2019-12-13-08-29-24  INFO       Weakness 'CWE-703' was updated.
2019-12-13-08-29-24  INFO       Weakness 'CWE-227' was updated.
2019-12-13-08-29-24  INFO       Weakness 'CWE-755' was updated.
2019-12-13-08-29-24  INFO       Weakness 'CWE-231' was updated.
2019-12-13-08-29-24  INFO       Weakness 'CWE-238' was updated.
2019-12-13-08-29-24  INFO       Weakness 'CWE-240' was updated.
2019-12-13-08-29-24  INFO       Weakness 'CWE-230' was updated.
2019-12-13-08-29-24  INFO       Weakness 'CWE-237' was updated.
2019-12-13-08-29-24  INFO       Weakness 'CWE-228' was updated.
2019-12-13-08-29-24  INFO       Weakness 'CWE-236' was updated.
2019-12-13-08-29-24  INFO       Weakness 'CWE-232' was updated.
2019-12-13-08-29-24  INFO       Weakness 'CWE-229' was updated.
2019-12-13-08-29-24  INFO       Weakness 'CWE-361' was updated.
2019-12-13-08-29-24  INFO       Weakness 'CWE-518' was updated.
2019-12-13-08-29-24  INFO       Weakness 'CWE-692' was updated.
2019-12-13-08-29-24  INFO       Weakness 'CWE-199' was updated.
2019-12-13-08-29-24  INFO       Weakness 'CWE-513' was updated.
2019-12-13-08-29-24  INFO       Weakness 'CWE-505' was updated.
2019-12-13-08-29-24  INFO       Weakness 'CWE-381' was updated.
2019-12-13-08-29-24  INFO       Weakness 'CWE-671' was updated.
2019-12-13-08-29-24  INFO       Weakness 'CWE-1' was updated.
2019-12-13-08-29-24  INFO       Weakness 'CWE-511' was updated.
2019-12-13-08-29-24  INFO       Weakness 'CWE-490' was updated.
2019-12-13-08-29-24  INFO       Weakness 'CWE-504' was updated.
2019-12-13-08-29-24  INFO       Weakness 'CWE-519' was updated.
2019-12-13-08-29-24  INFO       Weakness 'CWE-508' was updated.
2019-12-13-08-29-24  INFO       Weakness 'CWE-517' was updated.
2019-12-13-08-29-24  INFO       Weakness 'CWE-722' was updated.
2019-12-13-08-29-24  INFO       Weakness 'CWE-723' was updated.
2019-12-13-08-29-24  INFO       Weakness 'CWE-727' was updated.
2019-12-13-08-29-24  INFO       Weakness 'CWE-730' was updated.
2019-12-13-08-29-24  INFO       Weakness 'CWE-810' was updated.
2019-12-13-08-29-24  INFO       Weakness 'CWE-815' was updated.
2019-12-13-08-29-24  INFO       Weakness 'CWE-929' was updated.
2019-12-13-08-29-24  INFO       Weakness 'CWE-933' was updated.
2019-12-13-08-29-24  INFO       Weakness 'CWE-758' was updated.
2019-12-13-08-29-24  INFO       Weakness 'CWE-137' was updated.
2019-12-13-08-29-24  INFO       Weakness 'CWE-887' was updated.
2019-12-13-08-29-24  INFO       Weakness 'CWE-889' was updated.
2019-12-13-08-29-24  INFO       Weakness 'CWE-904' was updated.
2019-12-13-08-29-24  INFO       Weakness 'CWE-890' was updated.
2019-12-13-08-29-24  INFO       Weakness 'CWE-891' was updated.
2019-12-13-08-29-24  INFO       Weakness 'CWE-907' was updated.
2019-12-13-08-29-24  INFO       Weakness 'CWE-892' was updated.
2019-12-13-08-29-24  INFO       Weakness 'CWE-885' was updated.
2019-12-13-08-29-24  INFO       Weakness 'CWE-896' was updated.
2019-12-13-08-29-24  INFO       Weakness 'CWE-886' was updated.
2019-12-13-08-29-24  INFO       Weakness 'CWE-944' was updated.
2019-12-13-08-29-24  INFO       Weakness 'CWE-960' was updated.
2019-12-13-08-29-24  INFO       Weakness 'CWE-975' was updated.
2019-12-13-08-29-24  INFO       Weakness 'CWE-976' was updated.
2019-12-13-08-29-24  INFO       Weakness 'CWE-968' was updated.
2019-12-13-08-29-24  INFO       Weakness 'CWE-948' was updated.
2019-12-13-08-29-24  INFO       Weakness 'CWE-982' was updated.
2019-12-13-08-29-24  INFO       Weakness 'CWE-992' was updated.
2019-12-13-08-29-24  INFO       Weakness 'CWE-969' was updated.
2019-12-13-08-29-24  INFO       Weakness 'CWE-983' was updated.
2019-12-13-08-29-24  INFO       Weakness 'CWE-998' was updated.
2019-12-13-08-29-24  INFO       Weakness 'CWE-950' was updated.
2019-12-13-08-29-24  INFO       Weakness 'CWE-978' was updated.
2019-12-13-08-29-24  INFO       Weakness 'CWE-973' was updated.
2019-12-13-08-29-24  INFO       Weakness 'CWE-961' was updated.
2019-12-13-08-29-24  INFO       Weakness 'CWE-993' was updated.
2019-12-13-08-29-24  INFO       Weakness 'CWE-951' was updated.
2019-12-13-08-29-24  INFO       Weakness 'CWE-945' was updated.
2019-12-13-08-29-24  INFO       Weakness 'CWE-965' was updated.
2019-12-13-08-29-24  INFO       Weakness 'CWE-984' was updated.
2019-12-13-08-29-24  INFO       Weakness 'CWE-952' was updated.
2019-12-13-08-29-24  INFO       Weakness 'CWE-953' was updated.
2019-12-13-08-29-24  INFO       Weakness 'CWE-954' was updated.
2019-12-13-08-29-24  INFO       Weakness 'CWE-966' was updated.
2019-12-13-08-29-24  INFO       Weakness 'CWE-967' was updated.
2019-12-13-08-29-24  INFO       Weakness 'CWE-990' was updated.
2019-12-13-08-29-24  INFO       Weakness 'CWE-991' was updated.
2019-12-13-08-29-24  INFO       Weakness 'CWE-994' was updated.
2019-12-13-08-29-24  INFO       Weakness 'CWE-962' was updated.
2019-12-13-08-29-24  INFO       Weakness 'CWE-1002' was updated.
2019-12-13-08-29-24  INFO       Weakness 'CWE-1001' was updated.
2019-12-13-08-29-24  INFO       Weakness 'CWE-18' was updated.
2019-12-13-08-29-24  INFO       Weakness 'CWE-512' was updated.
2019-12-13-08-29-24  INFO       Weakness 'CWE-101' was updated.
2019-12-13-08-29-24  INFO       Weakness 'CWE-3' was updated.
2019-12-13-08-29-24  INFO       Weakness 'CWE-169' was updated.
2019-12-13-08-29-24  INFO       Weakness 'CWE-380' was updated.
2019-12-13-08-29-24  INFO       Weakness 'CWE-376' was updated.
2019-12-13-08-29-24  INFO       Weakness 'CWE-485' was updated.
2019-12-13-08-29-24  INFO       Weakness 'CWE-1005' was updated.
2019-12-13-08-29-24  INFO       Weakness 'CWE-398' was updated.
2019-12-13-08-29-24  INFO       Weakness 'CWE-254' was updated.
2019-12-13-08-29-24  INFO       Weakness 'CWE-507' was updated.
2019-12-13-08-29-24  INFO       Weakness 'CWE-136' was updated.
2019-12-13-08-29-24  INFO       Weakness 'CWE-690' was updated.
2019-12-13-08-29-24  INFO       Weakness 'CWE-2' was updated.
2019-12-13-08-29-24  INFO       Weakness 'CWE-60' was updated.
2019-12-13-08-29-24  INFO       Weakness 'CWE-637' was updated.
2019-12-13-08-29-24  INFO       Weakness 'CWE-633' was updated.
2019-12-13-08-29-24  INFO       Weakness 'CWE-634' was updated.
2019-12-13-08-29-24  INFO       Weakness 'CWE-63' was updated.
2019-12-13-08-29-24  INFO       Use Case 'GENERAL' was updated.
2019-12-13-08-29-24  INFO       Threat '7k-CWE-SecF' was updated.
2019-12-13-08-29-24  INFO       Threat '7k-CWE-TimeState' was updated.
2019-12-13-08-29-24  INFO       Threat '7k-CWE-API' was updated.
2019-12-13-08-29-24  INFO       Threat '7k-CWE-PoorCQ' was updated.
2019-12-13-08-29-24  INFO       Threat '7k-CWE-InsufE' was updated.
2019-12-13-08-29-24  INFO       Threat '7k-CWE-Environment' was updated.
2019-12-13-08-29-24  INFO       Threat '7k-CWE-ErrorH' was updated.
2019-12-13-08-29-24  INFO       Threat '7k-CWE-InputVR' was updated.
2019-12-13-08-29-24  INFO       Component 'DATASTORE' was updated.
2019-12-13-08-29-24  INFO       Control 'RESTRICT-ACCESS-DATABASE' was updated.
2019-12-13-08-29-24  INFO       Weakness 'CWE-250' was updated.
2019-12-13-08-29-24  INFO       Use Case 'authentication' was updated.
2019-12-13-08-29-24  INFO       Threat 'AUTH-DATASTORE-LEAST-PRIV' was updated.
2019-12-13-08-29-24  INFO       Component 'DEPLOYMENT-ENVIRONMENT' was updated.
2019-12-13-08-29-24  INFO       Component 'GENERIC-CLIENT' was updated.
2019-12-13-08-29-24  INFO       Control 'CWE-319-TRANSPORT' was updated.
2019-12-13-08-29-24  INFO       Control 'CS-CLIENT-SECRET' was updated.
2019-12-13-08-29-24  INFO       Control 'CSD-CLIENT-SECRET' was updated.
2019-12-13-08-29-24  INFO       Control 'CWE-295-CLIENT' was updated.
2019-12-13-08-29-24  INFO       Control 'CWE-327' was updated.
2019-12-13-08-29-24  INFO       Weakness 'CWE-311' was updated.
2019-12-13-08-29-24  INFO       Weakness 'CWE-798, CWE-603' was updated.
2019-12-13-08-29-24  INFO       Weakness 'CWE-312' was updated.
2019-12-13-08-29-24  INFO       Weakness 'CWE-327' was updated.
2019-12-13-08-29-24  INFO       Use Case 'GENERAL' was updated.
2019-12-13-08-29-24  INFO       Threat 'CSD-CLIENT-SECRET' was updated.
2019-12-13-08-29-24  INFO       Use Case 'READ OR POST DATA' was updated.
2019-12-13-08-29-24  INFO       Threat 'NTW-MITM' was updated.
2019-12-13-08-29-24  INFO       Component 'GENERIC-CLIENT:AUTHN' was updated.
2019-12-13-08-29-24  INFO       Control 'CWE-312' was updated.
2019-12-13-08-29-24  INFO       Control 'CWE-592' was updated.
2019-12-13-08-29-24  INFO       Control 'CSD-PWD-MEM' was updated.
2019-12-13-08-29-24  INFO       Weakness 'CWE-312' was updated.
2019-12-13-08-29-24  INFO       Weakness 'CWE-602' was updated.
2019-12-13-08-29-24  INFO       Weakness 'CWE-255' was updated.
2019-12-13-08-29-24  INFO       Use Case 'AUTHENTICATION' was updated.
2019-12-13-08-29-24  INFO       Threat 'CAPEC-21' was updated.
2019-12-13-08-29-24  INFO       Threat 'CSD-PWD-MEM' was updated.
2019-12-13-08-29-24  INFO       Threat 'CAPEC-204-AUTOCOMPLETE' was updated.
2019-12-13-08-29-24  INFO       Component 'GENERIC-OTS-SERVICE' was updated.
2019-12-13-08-29-24  INFO       Control 'PATCH-SERVICE' was updated.
2019-12-13-08-29-24  INFO       Control 'CWE-306-SERVICE' was updated.
2019-12-13-08-29-24  INFO       Control 'RESTRICT-SERVICE' was updated.
2019-12-13-08-29-24  INFO       Weakness 'CWE-306' was updated.
2019-12-13-08-29-24  INFO       Weakness 'CWE-284' was updated.
2019-12-13-08-29-24  INFO       Use Case 'ACCESS SERVICE' was updated.
2019-12-13-08-29-24  INFO       Threat 'VULN-SERVICE' was updated.
2019-12-13-08-29-24  INFO       Threat 'CAPEC-115' was updated.
2019-12-13-08-29-24  INFO       Component 'GENERIC-OTS-SERVICE:AUTHN-SF' was updated.
2019-12-13-08-29-24  INFO       Control 'CDS-USER-TRACK' was updated.
2019-12-13-08-29-24  INFO       Control 'CWE-521' was updated.
2019-12-13-08-29-24  INFO       Control 'RESTRICT-SERVICE' was updated.
2019-12-13-08-29-24  INFO       Control 'CWE-662' was updated.
2019-12-13-08-29-24  INFO       Weakness 'CWE-778' was updated.
2019-12-13-08-29-24  INFO       Weakness 'CWE-521' was updated.
2019-12-13-08-29-24  INFO       Weakness 'UNRESTRICTED-NETWORK' was updated.
2019-12-13-08-29-24  INFO       Use Case 'AUTHENTICATION' was updated.
2019-12-13-08-29-24  INFO       Threat 'CWE-778-AUTH' was updated.
2019-12-13-08-29-24  INFO       Threat 'CAPEC-16' was updated.
2019-12-13-08-29-24  INFO       Component 'GENERIC-SERVICE' was updated.
2019-12-13-08-29-24  INFO       Control 'OTG-BUSLOGIC' was updated.
2019-12-13-08-29-24  INFO       Control 'CWE-319-TRANSPORT' was updated.
2019-12-13-08-29-24  INFO       Control 'CWE-799' was updated.
2019-12-13-08-29-24  INFO       Control 'CWE-541' was updated.
2019-12-13-08-29-24  INFO       Control 'OTG-BUSLOGIC-006' was updated.
2019-12-13-08-29-24  INFO       Weakness 'CWE-770' was updated.
2019-12-13-08-29-24  INFO       Weakness 'CWE-319' was updated.
2019-12-13-08-29-24  INFO       Weakness 'CWE-841' was updated.
2019-12-13-08-29-24  INFO       Weakness 'CWE-541' was updated.
2019-12-13-08-29-24  INFO       Use Case 'GENERAL' was updated.
2019-12-13-08-29-24  INFO       Threat 'SOURCE-LEAK' was updated.
2019-12-13-08-29-24  INFO       Threat 'CAPEC-172' was updated.
2019-12-13-08-29-24  INFO       Threat 'CAPEC-130' was updated.
2019-12-13-08-29-24  INFO       Use Case 'READ OR POST DATA' was updated.
2019-12-13-08-29-24  INFO       Threat 'CAPEC-300' was updated.
2019-12-13-08-29-24  INFO       Component 'GENERIC-SERVICE:AUTHN-2FA' was updated.
2019-12-13-08-29-24  INFO       Control '2FA-Token-compromise' was updated.
2019-12-13-08-29-24  INFO       Weakness '2FA-Token-compromise' was updated.
2019-12-13-08-29-24  INFO       Use Case 'AUTHENTICATION' was updated.
2019-12-13-08-29-24  INFO       Threat '2FA-Token-compromise' was updated.
2019-12-13-08-29-24  INFO       Component 'CSD-GS-ADM' was updated.
2019-12-13-08-29-24  INFO       Control 'WEB-SRV-ADM-AUTH' was updated.
2019-12-13-08-29-24  INFO       Control 'CSD-ADM-TRUST' was updated.
2019-12-13-08-29-24  INFO       Weakness 'WEB-SRV-ADM' was updated.
2019-12-13-08-29-24  INFO       Weakness 'CSD-ADM-OPEN' was updated.
2019-12-13-08-29-24  INFO       Use Case 'ADMINISTER SERVICE' was updated.
2019-12-13-08-29-24  INFO       Threat 'CSD-ADM-IFACE' was updated.
2019-12-13-08-29-24  INFO       Component 'GENERIC-SERVICE:AUTHN' was updated.
2019-12-13-08-29-24  INFO       Control 'CWE-603' was updated.
2019-12-13-08-29-24  INFO       Control 'CWE-636' was updated.
2019-12-13-08-29-24  INFO       Weakness 'CWE-603' was updated.
2019-12-13-08-29-24  INFO       Weakness 'CWE-636' was updated.
2019-12-13-08-29-24  INFO       Use Case 'AUTHENTICATION' was updated.
2019-12-13-08-29-24  INFO       Threat 'CSD-AUTH_BYPASS' was updated.
2019-12-13-08-29-24  INFO       Component 'GENERIC-SERVICE:DATA-SENS:AUTHZ' was updated.
2019-12-13-08-29-24  INFO       Control 'CWE-285' was updated.
2019-12-13-08-29-24  INFO       Control 'CWE-654' was updated.
2019-12-13-08-29-24  INFO       Control 'CWE-306-SF' was updated.
2019-12-13-08-29-24  INFO       Control 'ASVS-8.2' was updated.
2019-12-13-08-29-24  INFO       Control 'ASVS-8.1' was updated.
2019-12-13-08-29-24  INFO       Control 'ACCESS-CONTROL-CENTRALIZED' was updated.
2019-12-13-08-29-24  INFO       Weakness 'CWE-639' was updated.
2019-12-13-08-29-24  INFO       Weakness 'CWE-209' was updated.
2019-12-13-08-29-24  INFO       Weakness 'CWE-306' was updated.
2019-12-13-08-29-24  INFO       Weakness 'CWE-636' was updated.
2019-12-13-08-29-24  INFO       Weakness 'CWE-654' was updated.
2019-12-13-08-29-24  INFO       Use Case 'ACCESS SENSITIVE DATA' was updated.
2019-12-13-08-29-24  INFO       Threat 'CAPEC-232' was updated.
2019-12-13-08-29-24  INFO       Threat 'CAPEC-215' was updated.
2019-12-13-08-29-24  INFO       Threat 'CAPEC-122' was updated.
2019-12-13-08-29-24  INFO       Component 'GENERIC-SERVICE:FILE-UPLOAD' was updated.
2019-12-13-08-29-24  INFO       Control 'WEB-EXEC-DATA' was updated.
2019-12-13-08-29-24  INFO       Control 'WEB-FILE-DATA' was updated.
2019-12-13-08-29-24  INFO       Control 'FILE-SCAN' was updated.
2019-12-13-08-29-24  INFO       Control 'FILE-DATA-CHECK' was updated.
2019-12-13-08-29-24  INFO       Weakness 'CWE-94' was updated.
2019-12-13-08-29-24  INFO       Weakness 'UNTRUSTED-FILE-HANDLING' was updated.
2019-12-13-08-29-24  INFO       Use Case 'UPLOAD FILES' was updated.
2019-12-13-08-29-24  INFO       Threat 'FILE-MAL-UPLOAD' was updated.
2019-12-13-08-29-24  INFO       Component 'GENERIC-SERVICE:JSON' was updated.
2019-12-13-08-29-24  INFO       Control 'SRV-JSON-WEB-SIGN' was updated.
2019-12-13-08-29-24  INFO       Weakness 'SRV-JSON-SIG' was updated.
2019-12-13-08-29-24  INFO       Use Case 'READ DATA' was updated.
2019-12-13-08-29-24  INFO       Threat 'SRV-JSON-SIG' was updated.
2019-12-13-08-29-24  INFO       Component 'GENERIC-SERVICE:SENS-DATA:TRANSMITTED' was updated.
2019-12-13-08-29-24  INFO       Control 'CWE-306-SERVICE' was updated.
2019-12-13-08-29-24  INFO       Weakness 'CWE-306' was updated.
2019-12-13-08-29-24  INFO       Use Case 'ACCESS SENSITIVE DATA' was updated.
2019-12-13-08-29-24  INFO       Threat 'CAPEC-115' was updated.
2019-12-13-08-29-24  INFO       Component 'GENERIC-SERVICE:SESSION' was updated.
2019-12-13-08-29-24  INFO       Control 'CWE-384' was updated.
2019-12-13-08-29-24  INFO       Control 'CSD-PWD-CHG' was updated.
2019-12-13-08-29-24  INFO       Control 'RENEW-SESSION' was updated.
2019-12-13-08-29-24  INFO       Control 'LIMIT-ACTIVE-SESSIONS' was updated.
2019-12-13-08-29-24  INFO       Control 'CSD-SESS-REAUTH' was updated.
2019-12-13-08-29-24  INFO       Control 'CWE-331' was updated.
2019-12-13-08-29-24  INFO       Control 'CWE-613-LOGOUT' was updated.
2019-12-13-08-29-24  INFO       Control 'CWE-330' was updated.
2019-12-13-08-29-24  INFO       Control 'ASVS-3.1' was updated.
2019-12-13-08-29-24  INFO       Weakness 'CWE-384' was updated.
2019-12-13-08-29-24  INFO       Weakness 'CWE-331' was updated.
2019-12-13-08-29-24  INFO       Weakness 'CWE-613-LOGOUT' was updated.
2019-12-13-08-29-24  INFO       Weakness 'CSD-SESS-REAUTH' was updated.
2019-12-13-08-29-24  INFO       Weakness 'CWE-330' was updated.
2019-12-13-08-29-24  INFO       Use Case 'AUTHENTICATION' was updated.
2019-12-13-08-29-24  INFO       Threat 'CAPEC-61' was updated.
2019-12-13-08-29-24  INFO       Threat 'CAPEC-60' was updated.
2019-12-13-08-29-24  INFO       Threat 'CAPEC-59' was updated.
2019-12-13-08-29-24  INFO       Component 'GENERIC-SERVICE:AUTHN-SF' was updated.
2019-12-13-08-29-24  INFO       Control 'CWE-654' was updated.
2019-12-13-08-29-24  INFO       Control 'CWE-204-USERNAME-LOGIN' was updated.
2019-12-13-08-29-24  INFO       Control 'CWE-204-USERNAME-TIMING' was updated.
2019-12-13-08-29-24  INFO       Control 'CWE-799-LOGIN' was updated.
2019-12-13-08-29-24  INFO       Control 'CWE-255-PWD-CHANGE' was updated.
2019-12-13-08-29-24  INFO       Control 'CWE-255' was updated.
2019-12-13-08-29-24  INFO       Control 'CWE-521' was updated.
2019-12-13-08-29-24  INFO       Control 'CWE-256' was updated.
2019-12-13-08-29-24  INFO       Control 'CWE-178-AUTH' was updated.
2019-12-13-08-29-24  INFO       Weakness 'CWE-178-AUTH' was updated.
2019-12-13-08-29-24  INFO       Weakness 'NO-PASSWORD-CHANGE' was updated.
2019-12-13-08-29-24  INFO       Weakness 'CWE-521' was updated.
2019-12-13-08-29-24  INFO       Weakness 'CWE-916' was updated.
2019-12-13-08-29-24  INFO       Weakness 'CWE-654' was updated.
2019-12-13-08-29-24  INFO       Weakness 'CWE-204' was updated.
2019-12-13-08-29-24  INFO       Weakness 'CWE-307' was updated.
2019-12-13-08-29-24  INFO       Weakness 'CWE-255' was updated.
2019-12-13-08-29-24  INFO       Use Case 'AUTHENTICATION' was updated.
2019-12-13-08-29-24  INFO       Threat 'CSD-DEF-PWD' was updated.
2019-12-13-08-29-24  INFO       Threat 'CSD-AUTH-HASH' was updated.
2019-12-13-08-29-24  INFO       Threat 'CAPEC-16' was updated.
2019-12-13-08-29-24  INFO       Threat 'CAPEC-112-USERNAME' was updated.
2019-12-13-08-29-24  INFO       Threat 'CWE-204-USERNAME-LOGIN' was updated.
2019-12-13-08-29-24  INFO       Component 'AUTHN-SF:DATA-TRANSPORT' was updated.
2019-12-13-08-29-24  INFO       Control 'CWE-319-TRANSPORT' was updated.
2019-12-13-08-29-24  INFO       Weakness 'CWE-319-AUTH' was updated.
2019-12-13-08-29-24  INFO       Use Case 'AUTHENTICATION' was updated.
2019-12-13-08-29-24  INFO       Threat 'CAPEC-158-AUTH' was updated.
2019-12-13-08-29-24  INFO       Component 'GENERIC-SERVICE:XML' was updated.
2019-12-13-08-29-24  INFO       Control 'WEB-SRV-XML' was updated.
2019-12-13-08-29-24  INFO       Control 'cwe-611-validate' was updated.
2019-12-13-08-29-24  INFO       Weakness 'CWE-611' was updated.
2019-12-13-08-29-24  INFO       Weakness 'CWE-112' was updated.
2019-12-13-08-29-24  INFO       Use Case 'READ OR POST DATA' was updated.
2019-12-13-08-29-24  INFO       Threat 'CAPEC-201' was updated.
2019-12-13-08-29-24  INFO       Component 'GENERIC-SERVICE:XPATH' was updated.
2019-12-13-08-29-24  INFO       Control 'XPATH-ESCAPE' was updated.
2019-12-13-08-29-24  INFO       Control 'DATA-VAL' was updated.
2019-12-13-08-29-24  INFO       Weakness 'CWE-91' was updated.
2019-12-13-08-29-24  INFO       Use Case 'READ OR POST DATA' was updated.
2019-12-13-08-29-24  INFO       Threat 'CAPEC-83' was updated.
2019-12-13-08-29-24  INFO       Component 'HTTP-SERVICE' was updated.
2019-12-13-08-29-24  INFO       Control 'CWE-639' was updated.
2019-12-13-08-29-24  INFO       Control 'DIRECTORY_LISTING' was updated.
2019-12-13-08-29-24  INFO       Control 'ASVS-11.5' was updated.
2019-12-13-08-29-24  INFO       Control 'RESTRICT-HTTP-METHODS' was updated.
2019-12-13-08-29-24  INFO       Control 'CWE-98-LIB' was updated.
2019-12-13-08-29-24  INFO       Control 'ASSIGN-WHITE' was updated.
2019-12-13-08-29-24  INFO       Control 'CWE-147' was updated.
2019-12-13-08-29-24  INFO       Control 'CWE-601' was updated.
2019-12-13-08-29-24  INFO       Weakness 'CWE-98' was updated.
2019-12-13-08-29-24  INFO       Weakness 'CWE-20' was updated.
2019-12-13-08-29-24  INFO       Weakness 'CWE-22' was updated.
2019-12-13-08-29-24  INFO       Weakness 'CWE-915' was updated.
2019-12-13-08-29-24  INFO       Weakness 'CWE-200' was updated.
2019-12-13-08-29-24  INFO       Weakness 'CWE-548' was updated.
2019-12-13-08-29-24  INFO       Weakness 'CWE-650' was updated.
2019-12-13-08-29-24  INFO       Weakness 'CWE-601' was updated.
2019-12-13-08-29-24  INFO       Use Case 'READ OR POST DATA' was updated.
2019-12-13-08-29-24  INFO       Threat 'CAPEC-117' was updated.
2019-12-13-08-29-24  INFO       Threat 'open-redirect-threat' was updated.
2019-12-13-08-29-24  INFO       Threat 'CAPEC-77-RCE' was updated.
2019-12-13-08-29-24  INFO       Threat 'CAPEC-137-MASS' was updated.
2019-12-13-08-29-24  INFO       Threat 'CAPEC-101' was updated.
2019-12-13-08-29-24  INFO       Component 'HTTP-SERVICE:AUTHZ' was updated.
2019-12-13-08-29-24  INFO       Control 'CWE-285' was updated.
2019-12-13-08-29-24  INFO       Weakness 'CWE-425' was updated.
2019-12-13-08-29-24  INFO       Use Case 'ACCESS SENSITIVE DATA' was updated.
2019-12-13-08-29-24  INFO       Threat 'CAPEC-87' was updated.
2019-12-13-08-29-24  INFO       Component 'HTTP-SERVICE:FILEUPLOAD' was updated.
2019-12-13-08-29-24  INFO       Control 'WEB-EXEC-DATA' was updated.
2019-12-13-08-29-24  INFO       Control 'ASVS-16.6' was updated.
2019-12-13-08-29-24  INFO       Control 'WEB-FILE-DATA' was updated.
2019-12-13-08-29-24  INFO       Control 'FILE-SCAN' was updated.
2019-12-13-08-29-24  INFO       Control 'FILE-DATA-CHECK' was updated.
2019-12-13-08-29-24  INFO       Weakness 'CWE-94' was updated.
2019-12-13-08-29-24  INFO       Weakness 'UNTRUSTED-FILE-HANDLING' was updated.
2019-12-13-08-29-24  INFO       Weakness 'WEB-PATH-ROOT' was updated.
2019-12-13-08-29-24  INFO       Use Case 'UPLOAD FILES' was updated.
2019-12-13-08-29-24  INFO       Threat 'FILE-MAL-UPLOAD' was updated.
2019-12-13-08-29-24  INFO       Component 'HTTP-SERVICE:SESSION' was updated.
2019-12-13-08-29-24  INFO       Control 'CWE-384' was updated.
2019-12-13-08-29-24  INFO       Control 'CSD-PWD-CHG' was updated.
2019-12-13-08-29-24  INFO       Control 'RENEW-SESSION' was updated.
2019-12-13-08-29-24  INFO       Control 'LIMIT-ACTIVE-SESSIONS' was updated.
2019-12-13-08-29-24  INFO       Control 'CSD-SESS-FED' was updated.
2019-12-13-08-29-24  INFO       Control 'ASVS-2014-3.12-DOMAIN' was updated.
2019-12-13-08-29-24  INFO       Control 'ASVS-2014-3.12-PATH' was updated.
2019-12-13-08-29-24  INFO       Control 'ASVS-2014-3.6' was updated.
2019-12-13-08-29-24  INFO       Control 'SESS-SNIFF-COOKIE' was updated.
2019-12-13-08-29-24  INFO       Weakness 'CWE-384' was updated.
2019-12-13-08-29-24  INFO       Weakness 'COOKIE-WEAKNESS' was updated.
2019-12-13-08-29-24  INFO       Weakness 'CWE-614' was updated.
2019-12-13-08-29-24  INFO       Use Case 'AUTHENTICATION' was updated.
2019-12-13-08-29-24  INFO       Threat 'CAPEC-61' was updated.
2019-12-13-08-29-24  INFO       Threat 'CAPEC-60' was updated.
2019-12-13-08-29-24  INFO       Threat 'ASVS-2014-3.12' was updated.
2019-12-13-08-29-24  INFO       Threat 'CAPEC-158-SESSION' was updated.
2019-12-13-08-29-24  INFO       Component 'SERVER:IIS' was updated.
2019-12-13-08-29-24  INFO       Component 'CLIENT:APPLET' was updated.
2019-12-13-08-29-24  INFO       Component 'SERVER:JAVA-EE' was updated.
2019-12-13-08-29-24  INFO       Component 'SERVER:JAVASCRIPT' was updated.
2019-12-13-08-29-24  INFO       Component 'SERVER:JAVA-WEB' was updated.
2019-12-13-08-29-24  INFO       Component 'CLIENT:WEBSTART' was updated.
2019-12-13-08-29-24  INFO       Component 'LDAP-STORE' was updated.
2019-12-13-08-29-24  INFO       Control 'CWE-150-LDAP' was updated.
2019-12-13-08-29-24  INFO       Weakness 'CWE-90' was updated.
2019-12-13-08-29-24  INFO       Use Case 'READ OR POST DATA' was updated.
2019-12-13-08-29-24  INFO       Threat 'CAPEC-136' was updated.
2019-12-13-08-29-24  INFO       Component 'LOGS-POLICY' was updated.
2019-12-13-08-29-24  INFO       Control 'LOG-RETENTION' was updated.
2019-12-13-08-29-24  INFO       Control 'CWE-532' was updated.
2019-12-13-08-29-24  INFO       Control 'LOGS-INTEGRITY' was updated.
2019-12-13-08-29-24  INFO       Control 'ASVS-8.8' was updated.
2019-12-13-08-29-24  INFO       Control 'RESTRICT-NUMBER-ACCOUNT-TO-LOGS' was updated.
2019-12-13-08-29-24  INFO       Control 'CSD-VAL-LOG' was updated.
2019-12-13-08-29-24  INFO       Control 'CDS-USER-TRACK' was updated.
2019-12-13-08-29-24  INFO       Control 'LOG-TLS-FAILURES' was updated.
2019-12-13-08-29-24  INFO       Control 'CWE-662' was updated.
2019-12-13-08-29-24  INFO       Weakness 'CWE-117' was updated.
2019-12-13-08-29-24  INFO       Weakness 'CWE-532' was updated.
2019-12-13-08-29-24  INFO       Weakness 'CWE-778' was updated.
2019-12-13-08-29-24  INFO       Weakness 'CWE-779' was updated.
2019-12-13-08-29-24  INFO       Weakness 'CWE-284' was updated.
2019-12-13-08-29-24  INFO       Use Case 'LOG-MANAGEMENT' was updated.
2019-12-13-08-29-24  INFO       Threat 'CAPEC-93' was updated.
2019-12-13-08-29-24  INFO       Threat 'CWE-778-AUTH' was updated.
2019-12-13-08-29-24  INFO       Threat 'EU-GDPR-DATA_LEAKAGE-UNAUTHZ-PARTIES' was updated.
2019-12-13-08-29-24  INFO       Component 'SERVER:DOTNET' was updated.
2019-12-13-08-29-24  INFO       Component 'CLIENT:SILVERLIGHT' was updated.
2019-12-13-08-29-24  INFO       Component 'MOBILE-CLIENT:SENS-DATA-STORAGE' was updated.
2019-12-13-08-29-24  INFO       Control 'CWE-312-ENCRYPT' was updated.
2019-12-13-08-29-24  INFO       Weakness 'CWE-312' was updated.
2019-12-13-08-29-24  INFO       Use Case 'SENSITIVE READ OR POST DATA' was updated.
2019-12-13-08-29-24  INFO       Threat 'CAPEC-167' was updated.
2019-12-13-08-29-24  INFO       Component 'SERVER:NGINX' was updated.
2019-12-13-08-29-24  INFO       Component 'non-standard-w3c-client-technology' was updated.
2019-12-13-08-29-24  INFO       Control 'ONLY-WITH-W3C' was updated.
2019-12-13-08-29-24  INFO       Weakness 'IR-W3C-PLUGINS' was updated.
2019-12-13-08-29-24  INFO       Use Case 'general' was updated.
2019-12-13-08-29-24  INFO       Threat 'W3C-PLUGINS' was updated.
2019-12-13-08-29-24  INFO       Component 'DATABASE-NOSQL' was updated.
2019-12-13-08-29-24  INFO       Component 'DATASTORE-OTHER' was updated.
2019-12-13-08-29-24  INFO       Component 'PWD-RESET' was updated.
2019-12-13-08-29-24  INFO       Control 'ASVS-2.17' was updated.
2019-12-13-08-29-24  INFO       Control 'AUTH-ENUM-ERR-RECOV' was updated.
2019-12-13-08-29-24  INFO       Control 'CWE-311' was updated.
2019-12-13-08-29-24  INFO       Weakness 'CWE-311' was updated.
2019-12-13-08-29-24  INFO       Weakness 'CWE-204' was updated.
2019-12-13-08-29-24  INFO       Use Case 'PASSWORD RESET' was updated.
2019-12-13-08-29-24  INFO       Threat 'CSD-AUTH-PWD' was updated.
2019-12-13-08-29-24  INFO       Threat 'CAPEC-383' was updated.
2019-12-13-08-29-24  INFO       Component 'PWD-RESET-SECRETQ' was updated.
2019-12-13-08-29-24  INFO       Control 'CSD_PWD-REC-Q' was updated.
2019-12-13-08-29-24  INFO       Control 'CSD-PWD-OFF-CHAN' was updated.
2019-12-13-08-29-24  INFO       Weakness 'CWE-592' was updated.
2019-12-13-08-29-24  INFO       Use Case 'PASSWORD RESET' was updated.
2019-12-13-08-29-24  INFO       Threat 'CAPEC-115-SECRETQ' was updated.
2019-12-13-08-29-24  INFO       Component 'PWD-RESET-EMAIL' was updated.
2019-12-13-08-29-24  INFO       Control 'PWD-RECOVER-OTP' was updated.
2019-12-13-08-29-24  INFO       Control 'CSD-PWD-OFF-CHAN' was updated.
2019-12-13-08-29-24  INFO       Weakness 'CWE-319-PWD' was updated.
2019-12-13-08-29-24  INFO       Weakness 'CS-EMAIL-COMP' was updated.
2019-12-13-08-29-24  INFO       Use Case 'PASSWORD RESET' was updated.
2019-12-13-08-29-24  INFO       Threat 'CAPEC-158-PWD-IN-EMAIL' was updated.
2019-12-13-08-29-24  INFO       Component 'PWD-RESET-TOKEN' was updated.
2019-12-13-08-29-24  INFO       Control 'CSD-PWD-OFF-CHAN' was updated.
2019-12-13-08-29-24  INFO       Weakness 'CS-EMAIL-COMP' was updated.
2019-12-13-08-29-24  INFO       Use Case 'PASSWORD RESET' was updated.
2019-12-13-08-29-24  INFO       Threat 'CAPEC-158-PWD-IN-EMAIL' was updated.
2019-12-13-08-29-24  INFO       Component 'SERVER:PHP' was updated.
2019-12-13-08-29-24  INFO       Component 'SERVER:PYTHON' was updated.
2019-12-13-08-29-24  INFO       Component 'SERVER:RUBY' was updated.
2019-12-13-08-29-24  INFO       Component 'SECRETS-MANAGEMENT' was updated.
2019-12-13-08-29-24  INFO       Control 'STRONG-ALGORITHMS-PROTOCOLS' was updated.
2019-12-13-08-29-24  INFO       Control 'CSD-KEY-MGMT' was updated.
2019-12-13-08-29-24  INFO       Control 'CWE-330' was updated.
2019-12-13-08-29-24  INFO       Control 'ASVS-7.2' was updated.
2019-12-13-08-29-24  INFO       Weakness 'CWE-320' was updated.
2019-12-13-08-29-24  INFO       Weakness 'CWE-693' was updated.
2019-12-13-08-29-24  INFO       Weakness 'CWE-327' was updated.
2019-12-13-08-29-24  INFO       Weakness 'CWE-330' was updated.
2019-12-13-08-29-24  INFO       Use Case 'STORE-SENSITIVE-DATA' was updated.
2019-12-13-08-29-24  INFO       Threat 'CAPEC-474' was updated.
2019-12-13-08-29-24  INFO       Threat 'CAPEC-485' was updated.
2019-12-13-08-29-24  INFO       Component 'USER-REG:SELF' was updated.
2019-12-13-08-29-24  INFO       Control 'CWE-799' was updated.
2019-12-13-08-29-24  INFO       Control 'CWE-209-USERNAME-REG' was updated.
2019-12-13-08-29-24  INFO       Weakness 'CWE-799' was updated.
2019-12-13-08-29-24  INFO       Weakness 'CWE-209' was updated.
2019-12-13-08-29-24  INFO       Use Case 'USER REGISTRATION' was updated.
2019-12-13-08-29-24  INFO       Threat 'CAPEC-383-USERNAME-REG' was updated.
2019-12-13-08-29-24  INFO       Component 'SERVICE:SENS-DATA:STORAGE' was updated.
2019-12-13-08-29-24  INFO       Control 'CWE-311-AT-REST' was updated.
2019-12-13-08-29-24  INFO       Weakness 'CWE-311' was updated.
2019-12-13-08-29-24  INFO       Use Case 'STORE SENSITIVE DATA' was updated.
2019-12-13-08-29-24  INFO       Threat 'BACKUP-COMPROMISE' was updated.
2019-12-13-08-29-24  INFO       Threat 'HOST-COMPROMISE' was updated.
2019-12-13-08-29-24  INFO       Component 'SENS-DATA:TRANSPORT' was updated.
2019-12-13-08-29-24  INFO       Control 'CWE-319-TRANSPORT' was updated.
2019-12-13-08-29-24  INFO       Control 'CWE-485-PREPROD' was updated.
2019-12-13-08-29-24  INFO       Control 'STRONG-ALGORITHMS-PROTOCOLS' was updated.
2019-12-13-08-29-24  INFO       Weakness 'CWE-319' was updated.
2019-12-13-08-29-24  INFO       Weakness 'CWE-485-PREPROD' was updated.
2019-12-13-08-29-24  INFO       Weakness 'CWE-327' was updated.
2019-12-13-08-29-24  INFO       Use Case 'ACCESS SENSITIVE DATA' was updated.
2019-12-13-08-29-24  INFO       Threat 'CAPEC-158' was updated.
2019-12-13-08-29-24  INFO       Threat 'PRE-PROD' was updated.
2019-12-13-08-29-24  INFO       Component 'sensitive-data-transport-https' was updated.
2019-12-13-08-29-24  INFO       Control 'CWE-295' was updated.
2019-12-13-08-29-24  INFO       Control 'CWE-319-TRANSPORT' was updated.
2019-12-13-08-29-24  INFO       Control 'HSTS-PRELOAD' was updated.
2019-12-13-08-29-24  INFO       Control 'CWE-693-STRICT-TRANSPORT-SECURITY' was updated.
2019-12-13-08-29-24  INFO       Weakness 'CWE-319' was updated.
2019-12-13-08-29-24  INFO       Use Case 'access-sensitive-data' was updated.
2019-12-13-08-29-24  INFO       Threat 'CAPEC-158-SESSION' was updated.
2019-12-13-08-29-24  INFO       Component 'SENS-DATA:TRANSPORT:TLS' was updated.
2019-12-13-08-29-24  INFO       Control 'PROPER-REVOCATION-CERTIFICATE' was updated.
2019-12-13-08-29-24  INFO       Control 'TLS-STRONG-PROTOCOLS' was updated.
2019-12-13-08-29-24  INFO       Control 'TLS-STRONG-CIPHERS' was updated.
2019-12-13-08-29-24  INFO       Weakness 'CWE-370' was updated.
2019-12-13-08-29-24  INFO       Weakness 'CWE-327-POODLE' was updated.
2019-12-13-08-29-24  INFO       Weakness 'SSL-WEAK-CIPHERS' was updated.
2019-12-13-08-29-24  INFO       Weakness 'SSL-WEAK-PROTOCOL' was updated.
2019-12-13-08-29-24  INFO       Use Case 'ACCESS SENSITIVE DATA' was updated.
2019-12-13-08-29-24  INFO       Threat 'CAPEC-217' was updated.
2019-12-13-08-29-24  INFO       Threat 'IRIUS-TRUST-SERVICE' was updated.
2019-12-13-08-29-24  INFO       Component 'INF-SERVER' was updated.
2019-12-13-08-29-24  INFO       Control 'PATCH-SERVER' was updated.
2019-12-13-08-29-24  INFO       Control 'INF-UNNECESSARY-SERVICES' was updated.
2019-12-13-08-29-24  INFO       Weakness 'UNPATCHED-SERVER' was updated.
2019-12-13-08-29-24  INFO       Weakness 'UNNECESSARY-SERVICES' was updated.
2019-12-13-08-29-24  INFO       Use Case 'ACCESS SERVICES' was updated.
2019-12-13-08-29-24  INFO       Threat 'SERVER-ATTACK' was updated.
2019-12-13-08-29-24  INFO       Component 'DB-SERVER' was updated.
2019-12-13-08-29-24  INFO       Component 'DATABASE-SQL' was updated.
2019-12-13-08-29-24  INFO       Control 'CWE-89-PREPARED' was updated.
2019-12-13-08-29-24  INFO       Weakness 'CWE-89' was updated.
2019-12-13-08-29-24  INFO       Use Case 'READ OR POST DATA' was updated.
2019-12-13-08-29-24  INFO       Threat 'CAPEC-66' was updated.
2019-12-13-08-29-24  INFO       Component 'CREDENTIALS-STORAGE:CLEAR' was updated.
2019-12-13-08-29-24  INFO       Control 'CWE-256' was updated.
2019-12-13-08-29-24  INFO       Weakness 'CWE-257' was updated.
2019-12-13-08-29-24  INFO       Use Case 'SENSITIVE READ OR POST DATA' was updated.
2019-12-13-08-29-24  INFO       Threat 'CWE-256' was updated.
2019-12-13-08-29-24  INFO       Component 'FATCLIENT:AUTHN' was updated.
2019-12-13-08-29-24  INFO       Control 'CWE-798-CLIENT' was updated.
2019-12-13-08-29-24  INFO       Weakness 'CWE-522' was updated.
2019-12-13-08-29-24  INFO       Use Case 'AUTHENTICATION' was updated.
2019-12-13-08-29-24  INFO       Threat 'CAPEC-205' was updated.
2019-12-13-08-29-24  INFO       Component 'FATCLIENT:SENS-DATA-STORAGE' was updated.
2019-12-13-08-29-24  INFO       Control 'CWE-312-ENCRYPT' was updated.
2019-12-13-08-29-24  INFO       Weakness 'CWE-312' was updated.
2019-12-13-08-29-24  INFO       Use Case 'SENSITIVE READ OR POST DATA' was updated.
2019-12-13-08-29-24  INFO       Threat 'CAPEC-167' was updated.
2019-12-13-08-29-24  INFO       Component 'untrusted-data-received' was updated.
2019-12-13-08-29-24  INFO       Control 'SAME-ENCODING-STYLE' was updated.
2019-12-13-08-29-24  INFO       Control 'DATA-VAL' was updated.
2019-12-13-08-29-24  INFO       Weakness 'CWE-78' was updated.
2019-12-13-08-29-24  INFO       Use Case 'post-data' was updated.
2019-12-13-08-29-24  INFO       Threat 'CWE-94' was updated.
2019-12-13-08-29-24  INFO       Component 'WEB-APP' was updated.
2019-12-13-08-29-24  INFO       Control 'CWE-601' was updated.
2019-12-13-08-29-24  INFO       Weakness 'CWE-601' was updated.
2019-12-13-08-29-24  INFO       Use Case 'GENERAL' was updated.
2019-12-13-08-29-24  INFO       Threat 'open-redirect-threat' was updated.
2019-12-13-08-29-24  INFO       Component 'WEB-APP:SENS-DATA:TRANSPORT' was updated.
2019-12-13-08-29-24  INFO       Component 'BROWSER:WYSIWYG' was updated.
2019-12-13-08-29-24  INFO       Control 'CWE-79-HTML' was updated.
2019-12-13-08-29-24  INFO       Weakness 'CWE-79-HTML' was updated.
2019-12-13-08-29-24  INFO       Use Case 'GENERAL' was updated.
2019-12-13-08-29-24  INFO       Threat 'CAPEC-341' was updated.
2019-12-13-08-29-24  INFO       Component 'BROWSER' was updated.
2019-12-13-08-29-24  INFO       Control 'WEB-CSP' was updated.
2019-12-13-08-29-24  INFO       Control 'CWE-79-ENCODE' was updated.
2019-12-13-08-29-24  INFO       Control 'ASVS-18.8' was updated.
2019-12-13-08-29-24  INFO       Control 'RE-AUTH' was updated.
2019-12-13-08-29-24  INFO       Control 'CWE-352-TOKENS' was updated.
2019-12-13-08-29-24  INFO       Control 'CWE-84-HTTP-ONLY' was updated.
2019-12-13-08-29-24  INFO       Control 'CWE-693-NOSNIFF' was updated.
2019-12-13-08-29-24  INFO       Control '@cwe-693-clickjack' was updated.
2019-12-13-08-29-24  INFO       Control 'CWE-693-X-XSS-PROTECTION' was updated.
2019-12-13-08-29-24  INFO       Weakness 'CWE-352' was updated.
2019-12-13-08-29-24  INFO       Weakness 'CWE-79' was updated.
2019-12-13-08-29-24  INFO       Weakness 'CWE-693-NOSNIFF' was updated.
2019-12-13-08-29-24  INFO       Weakness 'WEB-CSP' was updated.
2019-12-13-08-29-24  INFO       Weakness 'CWE-84-HTTP-ONLY' was updated.
2019-12-13-08-29-24  INFO       Weakness 'CWE-693-X-XSS-PROTECTION' was updated.
2019-12-13-08-29-24  INFO       Weakness 'CWE-306' was updated.
2019-12-13-08-29-24  INFO       Weakness 'CWE-693-CLICKJACK' was updated.
2019-12-13-08-29-24  INFO       Use Case 'READ OR POST DATA' was updated.
2019-12-13-08-29-24  INFO       Threat 'CAPEC-62' was updated.
2019-12-13-08-29-24  INFO       Threat 'CAPEC-341' was updated.
2019-12-13-08-29-24  INFO       Use Case 'TRANSACTION AUTHENTICATION' was updated.
2019-12-13-08-29-24  INFO       Threat 'CAPEC-103' was updated.
2019-12-13-08-29-24  INFO       Threat 'CAPEC-62' was updated.
2019-12-13-08-29-24  INFO       Component 'BROWSER:AUTHN-SF' was updated.
2019-12-13-08-29-24  INFO       Control 'CWE-525-AUTOCOMPLETE-FORM' was updated.
2019-12-13-08-29-24  INFO       Control 'CWE-525-REPOST' was updated.
2019-12-13-08-29-24  INFO       Weakness 'CWE-525-REPOST' was updated.
2019-12-13-08-29-24  INFO       Weakness 'CWE-525-AUTOCOMPLETE-FORM' was updated.
2019-12-13-08-29-24  INFO       Use Case 'AUTHENTICATION' was updated.
2019-12-13-08-29-24  INFO       Threat 'CWE-60-AUTH' was updated.
2019-12-13-08-29-24  INFO       Component 'BROWSER:SENS-DATA' was updated.
2019-12-13-08-29-24  INFO       Control 'CWE-922-AUTH' was updated.
2019-12-13-08-29-24  INFO       Control 'CWE-525-WEB' was updated.
2019-12-13-08-29-24  INFO       Control 'CWE-922' was updated.
2019-12-13-08-29-24  INFO       Control 'CWE-598' was updated.
2019-12-13-08-29-24  INFO       Control 'CWE-942-CORS' was updated.
2019-12-13-08-29-24  INFO       Control 'CWE-525-CACHING' was updated.
2019-12-13-08-29-24  INFO       Weakness 'CWE-942-CORS_PERMISSIVE' was updated.
2019-12-13-08-29-24  INFO       Weakness 'CWE-525' was updated.
2019-12-13-08-29-24  INFO       Weakness 'CWE-922' was updated.
2019-12-13-08-29-24  INFO       Weakness 'CWE-598' was updated.
2019-12-13-08-29-24  INFO       Use Case 'ACCESS SENSITIVE DATA' was updated.
2019-12-13-08-29-24  INFO       Threat 'CAPEC-204-AUTOCOMPLETE' was updated.
2019-12-13-08-29-24  INFO       Threat 'WEB-QUERY-PARAM' was updated.
2019-12-13-08-29-24  INFO       Use Case 'READ OR POST DATA' was updated.
2019-12-13-08-29-24  INFO       Threat 'CWE-942-CORS_PERMISSIVE' was updated.
2019-12-13-08-29-24  INFO       Component 'BROWSER:JSON' was updated.
2019-12-13-08-29-24  INFO       Control 'CWE-94' was updated.
2019-12-13-08-29-24  INFO       Weakness 'CWE-94' was updated.
2019-12-13-08-29-24  INFO       Use Case 'READ OR POST DATA' was updated.
2019-12-13-08-29-24  INFO       Threat 'WEB-CLIENT-INJ' was updated.
2019-12-13-08-29-24  INFO       Component 'web-browser-session' was updated.
2019-12-13-08-29-24  INFO       Control 'ASVS-2014-3.5' was updated.
2019-12-13-08-29-24  INFO       Control 'ASVS-2014-3.4' was updated.
2019-12-13-08-29-24  INFO       Control 'ASVS-2014-3.3' was updated.
2019-12-13-08-29-24  INFO       Control 'ASVS-3.2' was updated.
2019-12-13-08-29-24  INFO       Weakness 'CWE-613' was updated.
2019-12-13-08-29-24  INFO       Weakness 'cwe-613-logout' was updated.
2019-12-13-08-29-24  INFO       Use Case 'READ OR POST DATA' was updated.
2019-12-13-08-29-24  INFO       Threat 'ASVS-2014-3.3' was updated.
2019-12-13-08-29-24  INFO       Component 'WEB-CLIENT' was updated.
2019-12-13-08-29-24  INFO       Component 'WEB-SERVICE' was updated.
